{"name": "emk24 -- @1.3 ", "status": "broken", "statusDetails": {"message": "selenium.common.exceptions.ElementNotInteractableException: Message: element not interactable\n  (Session info: headless chrome=92.0.4515.107)\n\n", "trace": "  File \"/Library/Frameworks/Python.framework/Versions/3.8/lib/python3.8/site-packages/behave/model.py\", line 1329, in run\n    match.run(runner.context)\n  File \"/Library/Frameworks/Python.framework/Versions/3.8/lib/python3.8/site-packages/behave/matchers.py\", line 98, in run\n    self.func(context, *args, **kwargs)\n  File \"features/steps/basic_steps.py\", line 51, in enter_in\n    context.current_page.type_in(field_name, text)\n  File \"/Users/kardash/Developer/popup-automation/features/pages/base_page.py\", line 39, in type_in\n    self.get_element(element_name).clear()\n  File \"/Library/Frameworks/Python.framework/Versions/3.8/lib/python3.8/site-packages/selenium/webdriver/remote/webelement.py\", line 95, in clear\n    self._execute(Command.CLEAR_ELEMENT)\n  File \"/Library/Frameworks/Python.framework/Versions/3.8/lib/python3.8/site-packages/selenium/webdriver/remote/webelement.py\", line 633, in _execute\n    return self._parent.execute(command, params)\n  File \"/Library/Frameworks/Python.framework/Versions/3.8/lib/python3.8/site-packages/selenium/webdriver/remote/webdriver.py\", line 321, in execute\n    self.error_handler.check_response(response)\n  File \"/Library/Frameworks/Python.framework/Versions/3.8/lib/python3.8/site-packages/selenium/webdriver/remote/errorhandler.py\", line 242, in check_response\n    raise exception_class(message, screen, stacktrace)\n"}, "steps": [{"name": "Given open emk24.kz page", "status": "passed", "start": 1627925110926, "stop": 1627925116472}, {"name": "When click on order in 1 click button", "status": "passed", "start": 1627925116472, "stop": 1627925120235}, {"name": "When enter \"generated_test_automation_email\" in message field", "status": "passed", "start": 1627925120235, "stop": 1627925121186}, {"name": "When click on Continue button", "status": "passed", "start": 1627925121186, "stop": 1627925122046}, {"name": "When enter \"test_automation_user_name\" in name field", "status": "broken", "statusDetails": {"message": "selenium.common.exceptions.ElementNotInteractableException: Message: element not interactable\n  (Session info: headless chrome=92.0.4515.107)\n\n", "trace": "  File \"/Library/Frameworks/Python.framework/Versions/3.8/lib/python3.8/site-packages/behave/model.py\", line 1329, in run\n    match.run(runner.context)\n  File \"/Library/Frameworks/Python.framework/Versions/3.8/lib/python3.8/site-packages/behave/matchers.py\", line 98, in run\n    self.func(context, *args, **kwargs)\n  File \"features/steps/basic_steps.py\", line 51, in enter_in\n    context.current_page.type_in(field_name, text)\n  File \"/Users/kardash/Developer/popup-automation/features/pages/base_page.py\", line 39, in type_in\n    self.get_element(element_name).clear()\n  File \"/Library/Frameworks/Python.framework/Versions/3.8/lib/python3.8/site-packages/selenium/webdriver/remote/webelement.py\", line 95, in clear\n    self._execute(Command.CLEAR_ELEMENT)\n  File \"/Library/Frameworks/Python.framework/Versions/3.8/lib/python3.8/site-packages/selenium/webdriver/remote/webelement.py\", line 633, in _execute\n    return self._parent.execute(command, params)\n  File \"/Library/Frameworks/Python.framework/Versions/3.8/lib/python3.8/site-packages/selenium/webdriver/remote/webdriver.py\", line 321, in execute\n    self.error_handler.check_response(response)\n  File \"/Library/Frameworks/Python.framework/Versions/3.8/lib/python3.8/site-packages/selenium/webdriver/remote/errorhandler.py\", line 242, in check_response\n    raise exception_class(message, screen, stacktrace)\n"}, "start": 1627925122047, "stop": 1627925134317}, {"name": "When enter \"test_company_name\" in company field", "status": "skipped", "start": 1627925134318, "stop": 1627925134318}, {"name": "When enter \"+70000000000\" in phone field", "status": "skipped", "start": 1627925134318, "stop": 1627925134318}, {"name": "When enter \"automation.emk@gmail.com\" in email field", "status": "skipped", "start": 1627925134318, "stop": 1627925134318}, {"name": "When click on Send button", "status": "skipped", "start": 1627925134318, "stop": 1627925134318}, {"name": "Then text \"Спасибо за заявку!\" is displayed", "status": "skipped", "start": 1627925134318, "stop": 1627925134318}, {"name": "Then email with \"generated_test_automation_email\" contains \"emk24.kz;Заказ в 1 клик!;test_automation_user_name;test_company_name;+70000000000;automation.emk@gmail.com\" in 240 sec", "status": "skipped", "start": 1627925134318, "stop": 1627925134318}], "parameters": [{"name": "url", "value": "emk24.kz"}], "start": 1627925110814, "stop": 1627925134318, "uuid": "41517ae1-5241-4b1b-95c3-5783761cc30d", "historyId": "cfed0cf2e7363843380ffc8577a51ca3", "fullName": "Проверка кнопки Заказать в 1 клик emk24: emk24", "labels": [{"name": "severity", "value": "normal"}, {"name": "tag", "value": "regression"}, {"name": "feature", "value": "Проверка кнопки Заказать в 1 клик emk24"}, {"name": "framework", "value": "behave"}, {"name": "language", "value": "cpython3"}]}